<stdin>:1226:2: warning: #warning syscall seccomp not implemented [-Wcpp]
/home/assusdan/aosp/kernels/android_kernel_ps_puref/drivers/misc/mediatek/Makefile:279: "CONFIG_TRUSTONIC_TEE_SUPPORT = "
/home/assusdan/aosp/kernels/android_kernel_ps_puref/drivers/misc/mediatek/fmradio/Makefile:13: feature_option="MT6627_FM"
/home/assusdan/aosp/kernels/android_kernel_ps_puref/drivers/misc/mediatek/fmradio/Makefile:78: MT6627_FM
/home/assusdan/aosp/kernels/android_kernel_ps_puref/drivers/misc/mediatek/fmradio/Makefile:102: core/fm_module.o core/fm_main.o core/fm_config.o core/fm_rds_parser.o core/fm_patch.o core/fm_utils.o core/fm_link.o core/fm_eint.o mt6627/pub/mt6627_fm_lib.o mt6627/pub/mt6627_fm_rds.o mt6627/pub/mt6627_fm_cmd.o mt6627/pub/mt6627_fm_config.o
drivers/misc/mediatek/lcm/hx8379c_dsi_vdo_hlt/hx8379c_dsi_vdo_hlt.c:46:1: warning: useless storage class specifier in empty declaration
 };
 ^
drivers/misc/mediatek/lcm/hx8379c_dsi_vdo_hlt/hx8379c_dsi_vdo_hlt.c: In function 'lcm_update':
drivers/misc/mediatek/lcm/hx8379c_dsi_vdo_hlt/hx8379c_dsi_vdo_hlt.c:36:56: warning: passing argument 1 of 'lcm_util.dsi_set_cmdq' from incompatible pointer type
 #define dsi_set_cmdq(pdata, queue_size, force_update)  lcm_util.dsi_set_cmdq(pdata, queue_size, force_update)
                                                        ^
drivers/misc/mediatek/lcm/hx8379c_dsi_vdo_hlt/hx8379c_dsi_vdo_hlt.c:267:2: note: in expansion of macro 'dsi_set_cmdq'
  dsi_set_cmdq(&data_array, 7, 0);
  ^
drivers/misc/mediatek/lcm/hx8379c_dsi_vdo_hlt/hx8379c_dsi_vdo_hlt.c:36:56: note: expected 'unsigned int *' but argument is of type 'unsigned int (*)[16]'
 #define dsi_set_cmdq(pdata, queue_size, force_update)  lcm_util.dsi_set_cmdq(pdata, queue_size, force_update)
                                                        ^
drivers/misc/mediatek/lcm/hx8379c_dsi_vdo_hlt/hx8379c_dsi_vdo_hlt.c:267:2: note: in expansion of macro 'dsi_set_cmdq'
  dsi_set_cmdq(&data_array, 7, 0);
  ^
drivers/misc/mediatek/lcm/hx8379c_dsi_vdo_hlt/hx8379c_dsi_vdo_hlt.c: In function 'lcm_compare_id':
drivers/misc/mediatek/lcm/hx8379c_dsi_vdo_hlt/hx8379c_dsi_vdo_hlt.c:36:56: warning: passing argument 1 of 'lcm_util.dsi_set_cmdq' from incompatible pointer type
 #define dsi_set_cmdq(pdata, queue_size, force_update)  lcm_util.dsi_set_cmdq(pdata, queue_size, force_update)
                                                        ^
drivers/misc/mediatek/lcm/hx8379c_dsi_vdo_hlt/hx8379c_dsi_vdo_hlt.c:290:2: note: in expansion of macro 'dsi_set_cmdq'
  dsi_set_cmdq(&array, 1, 1);
  ^
drivers/misc/mediatek/lcm/hx8379c_dsi_vdo_hlt/hx8379c_dsi_vdo_hlt.c:36:56: note: expected 'unsigned int *' but argument is of type 'unsigned int (*)[16]'
 #define dsi_set_cmdq(pdata, queue_size, force_update)  lcm_util.dsi_set_cmdq(pdata, queue_size, force_update)
                                                        ^
drivers/misc/mediatek/lcm/hx8379c_dsi_vdo_hlt/hx8379c_dsi_vdo_hlt.c:290:2: note: in expansion of macro 'dsi_set_cmdq'
  dsi_set_cmdq(&array, 1, 1);
  ^
drivers/misc/mediatek/lcm/hx8379c_dsi_vdo_hlt/hx8379c_dsi_vdo_hlt.c: At top level:
drivers/misc/mediatek/lcm/hx8379c_dsi_vdo_hlt/hx8379c_dsi_vdo_hlt.c:96:33: warning: 'lcm_set_window' defined but not used [-Wunused-variable]
 static struct LCM_setting_table lcm_set_window[] = {
                                 ^
drivers/misc/mediatek/lcm/hx8379c_dsi_vdo_hlt/hx8379c_dsi_vdo_hlt.c:103:33: warning: 'lcm_sleep_out_setting' defined but not used [-Wunused-variable]
 static struct LCM_setting_table lcm_sleep_out_setting[] = {
                                 ^
drivers/misc/mediatek/lcm/hx8379c_dsi_vdo_hlt/hx8379c_dsi_vdo_hlt.c:112:33: warning: 'lcm_sleep_in_setting' defined but not used [-Wunused-variable]
 static struct LCM_setting_table lcm_sleep_in_setting[] = {
                                 ^
drivers/misc/mediatek/lcm/hx8379c_dsi_vdo_hlt/hx8379c_dsi_vdo_hlt.c:240:13: warning: 'lcm_update' defined but not used [-Wunused-function]
 static void lcm_update(unsigned int x, unsigned int y,
             ^
/home/assusdan/aosp/kernels/android_kernel_ps_puref/drivers/misc/mediatek/ssw/Makefile:5: "SSW_DIR=/home/assusdan/aosp/kernels/android_kernel_ps_puref/drivers/misc/mediatek/ssw/ssw_singlessw_exist=y"
WARNING: modpost: Found 18 section mismatch(es).
To see full details build your kernel with:
'make CONFIG_DEBUG_SECTION_MISMATCH=y'
